[2025-09-13 12:19:21] ERROR: Error in controller: SQLSTATE[42S22]: Column not found: 1054 Unknown column 'test_name' in 'field list' | Context: {"controller":"doctor","action":"dashboard","file":"\/var\/www\/html\/KJ\/controllers\/DoctorController.php","line":54,"trace":"#0 \/var\/www\/html\/KJ\/controllers\/DoctorController.php(54): PDO->prepare()\n#1 \/var\/www\/html\/KJ\/index.php(116): DoctorController->dashboard()\n#2 {main}"}
[2025-09-13 12:30:29] ERROR: date_create(): Passing null to parameter #1 ($datetime) of type string is deprecated | Context: {"errno":8192,"file":"\/var\/www\/html\/KJ\/views\/doctor\/dashboard.php","line":216}
[2025-09-13 12:30:40] ERROR: Too few arguments to function DoctorController::view_patient(), 0 passed in /var/www/html/KJ/index.php on line 116 and exactly 1 expected | Context: {"file":"\/var\/www\/html\/KJ\/controllers\/DoctorController.php","line":153,"trace":"#0 \/var\/www\/html\/KJ\/index.php(116): DoctorController->view_patient()\n#1 {main}"}
[2025-09-13 12:34:08] ERROR: date_create(): Passing null to parameter #1 ($datetime) of type string is deprecated | Context: {"errno":8192,"file":"\/var\/www\/html\/KJ\/views\/doctor\/dashboard.php","line":216}
[2025-09-13 13:52:50] ERROR: date_create(): Passing null to parameter #1 ($datetime) of type string is deprecated | Context: {"errno":8192,"file":"\/var\/www\/html\/KJ\/views\/doctor\/dashboard.php","line":216}
[2025-09-13 13:53:00] ERROR: strtotime(): Passing null to parameter #1 ($datetime) of type string is deprecated | Context: {"errno":8192,"file":"\/var\/www\/html\/KJ\/views\/doctor\/view_patient.php","line":40}
[2025-09-13 13:53:00] ERROR: date_create(): Passing null to parameter #1 ($datetime) of type string is deprecated | Context: {"errno":8192,"file":"\/var\/www\/html\/KJ\/views\/doctor\/view_patient.php","line":41}
[2025-09-13 14:06:15] ERROR: date_create(): Passing null to parameter #1 ($datetime) of type string is deprecated | Context: {"errno":8192,"file":"\/var\/www\/html\/KJ\/views\/doctor\/lab_results_view.php","line":24}
[2025-09-13 14:06:15] ERROR: ucfirst(): Passing null to parameter #1 ($string) of type string is deprecated | Context: {"errno":8192,"file":"\/var\/www\/html\/KJ\/views\/doctor\/lab_results_view.php","line":28}
[2025-09-13 14:19:31] ERROR: Error in controller: syntax error, unexpected token "endforeach", expecting end of file | Context: {"controller":"lab","action":"dashboard","file":"\/var\/www\/html\/KJ\/views\/lab\/dashboard.php","line":357,"trace":"#0 \/var\/www\/html\/KJ\/controllers\/LabController.php(48): BaseController->render()\n#1 \/var\/www\/html\/KJ\/index.php(119): LabController->dashboard()\n#2 {main}"}
[2025-09-13 14:25:55] ERROR: Undefined array key "REQUEST_URI" | Context: {"errno":2,"file":"\/var\/www\/html\/KJ\/index.php","line":29}
[2025-09-13 14:25:55] ERROR: parse_url(): Passing null to parameter #1 ($url) of type string is deprecated | Context: {"errno":8192,"file":"\/var\/www\/html\/KJ\/index.php","line":30}
[2025-09-13 14:25:55] ERROR: Cannot modify header information - headers already sent by (output started at /var/www/html/KJ/index.php:29) | Context: {"errno":2,"file":"\/var\/www\/html\/KJ\/index.php","line":47}
[2025-09-13 14:40:56] ERROR: include(/var/www/html/KJ/includes/../views/lab/inventory.php): Failed to open stream: No such file or directory | Context: {"errno":2,"file":"\/var\/www\/html\/KJ\/includes\/BaseController.php","line":19}
[2025-09-13 14:40:56] ERROR: include(): Failed opening '/var/www/html/KJ/includes/../views/lab/inventory.php' for inclusion (include_path='.:/usr/share/php') | Context: {"errno":2,"file":"\/var\/www\/html\/KJ\/includes\/BaseController.php","line":19}
[2025-09-13 14:41:00] ERROR: include(/var/www/html/KJ/includes/../views/lab/equipment.php): Failed to open stream: No such file or directory | Context: {"errno":2,"file":"\/var\/www\/html\/KJ\/includes\/BaseController.php","line":19}
[2025-09-13 14:41:00] ERROR: include(): Failed opening '/var/www/html/KJ/includes/../views/lab/equipment.php' for inclusion (include_path='.:/usr/share/php') | Context: {"errno":2,"file":"\/var\/www\/html\/KJ\/includes\/BaseController.php","line":19}
[2025-09-13 14:41:04] ERROR: include(/var/www/html/KJ/includes/../views/lab/samples.php): Failed to open stream: No such file or directory | Context: {"errno":2,"file":"\/var\/www\/html\/KJ\/includes\/BaseController.php","line":19}
[2025-09-13 14:41:04] ERROR: include(): Failed opening '/var/www/html/KJ/includes/../views/lab/samples.php' for inclusion (include_path='.:/usr/share/php') | Context: {"errno":2,"file":"\/var\/www\/html\/KJ\/includes\/BaseController.php","line":19}
[2025-09-13 14:43:18] ERROR: include(/var/www/html/KJ/includes/../views/lab/samples.php): Failed to open stream: No such file or directory | Context: {"errno":2,"file":"\/var\/www\/html\/KJ\/includes\/BaseController.php","line":19}
[2025-09-13 14:43:18] ERROR: include(): Failed opening '/var/www/html/KJ/includes/../views/lab/samples.php' for inclusion (include_path='.:/usr/share/php') | Context: {"errno":2,"file":"\/var\/www\/html\/KJ\/includes\/BaseController.php","line":19}
[2025-09-13 14:43:52] ERROR: include(/var/www/html/KJ/includes/../views/lab/quality.php): Failed to open stream: No such file or directory | Context: {"errno":2,"file":"\/var\/www\/html\/KJ\/includes\/BaseController.php","line":19}
[2025-09-13 14:43:52] ERROR: include(): Failed opening '/var/www/html/KJ/includes/../views/lab/quality.php' for inclusion (include_path='.:/usr/share/php') | Context: {"errno":2,"file":"\/var\/www\/html\/KJ\/includes\/BaseController.php","line":19}
[2025-09-13 14:43:56] ERROR: include(/var/www/html/KJ/includes/../views/lab/inventory.php): Failed to open stream: No such file or directory | Context: {"errno":2,"file":"\/var\/www\/html\/KJ\/includes\/BaseController.php","line":19}
[2025-09-13 14:43:56] ERROR: include(): Failed opening '/var/www/html/KJ/includes/../views/lab/inventory.php' for inclusion (include_path='.:/usr/share/php') | Context: {"errno":2,"file":"\/var\/www\/html\/KJ\/includes\/BaseController.php","line":19}
[2025-09-13 14:46:33] ERROR: include(/var/www/html/KJ/includes/../views/lab/samples.php): Failed to open stream: No such file or directory | Context: {"errno":2,"file":"\/var\/www\/html\/KJ\/includes\/BaseController.php","line":19}
[2025-09-13 14:46:33] ERROR: include(): Failed opening '/var/www/html/KJ/includes/../views/lab/samples.php' for inclusion (include_path='.:/usr/share/php') | Context: {"errno":2,"file":"\/var\/www\/html\/KJ\/includes\/BaseController.php","line":19}
