[21-Oct-2025 18:36:10 UTC] Error in controller: SQLSTATE[42000]: Syntax error or access violation: 1055 Expression #2 of ORDER BY clause is not in GROUP BY clause and contains nonaggregated column 'zahanati.lto.created_at' which is not functionally dependent on columns in GROUP BY clause; this is incompatible with sql_mode=only_full_group_by
[21-Oct-2025 18:44:45 UTC] Error in controller: SQLSTATE[42000]: Syntax error or access violation: 1055 Expression #2 of ORDER BY clause is not in GROUP BY clause and contains nonaggregated column 'zahanati.lto.created_at' which is not functionally dependent on columns in GROUP BY clause; this is incompatible with sql_mode=only_full_group_by
[21-Oct-2025 18:48:30 UTC] Error in controller: SQLSTATE[42000]: Syntax error or access violation: 1055 Expression #2 of ORDER BY clause is not in GROUP BY clause and contains nonaggregated column 'zahanati.lto.created_at' which is not functionally dependent on columns in GROUP BY clause; this is incompatible with sql_mode=only_full_group_by
[21-Oct-2025 18:55:51 UTC] Error in controller: SQLSTATE[42000]: Syntax error or access violation: 1055 Expression #2 of ORDER BY clause is not in GROUP BY clause and contains nonaggregated column 'zahanati.lto.created_at' which is not functionally dependent on columns in GROUP BY clause; this is incompatible with sql_mode=only_full_group_by
[21-Oct-2025 18:55:54 UTC] Error in controller: SQLSTATE[42000]: Syntax error or access violation: 1055 Expression #2 of ORDER BY clause is not in GROUP BY clause and contains nonaggregated column 'zahanati.lto.created_at' which is not functionally dependent on columns in GROUP BY clause; this is incompatible with sql_mode=only_full_group_by
[21-Oct-2025 18:55:54 UTC] Error in controller: SQLSTATE[42000]: Syntax error or access violation: 1055 Expression #2 of ORDER BY clause is not in GROUP BY clause and contains nonaggregated column 'zahanati.lto.created_at' which is not functionally dependent on columns in GROUP BY clause; this is incompatible with sql_mode=only_full_group_by
[21-Oct-2025 18:55:54 UTC] Error in controller: SQLSTATE[42000]: Syntax error or access violation: 1055 Expression #2 of ORDER BY clause is not in GROUP BY clause and contains nonaggregated column 'zahanati.lto.created_at' which is not functionally dependent on columns in GROUP BY clause; this is incompatible with sql_mode=only_full_group_by
[21-Oct-2025 18:55:54 UTC] Error in controller: SQLSTATE[42000]: Syntax error or access violation: 1055 Expression #2 of ORDER BY clause is not in GROUP BY clause and contains nonaggregated column 'zahanati.lto.created_at' which is not functionally dependent on columns in GROUP BY clause; this is incompatible with sql_mode=only_full_group_by
[21-Oct-2025 18:55:55 UTC] Error in controller: SQLSTATE[42000]: Syntax error or access violation: 1055 Expression #2 of ORDER BY clause is not in GROUP BY clause and contains nonaggregated column 'zahanati.lto.created_at' which is not functionally dependent on columns in GROUP BY clause; this is incompatible with sql_mode=only_full_group_by
[21-Oct-2025 18:56:02 UTC] Error in controller: SQLSTATE[42000]: Syntax error or access violation: 1055 Expression #2 of ORDER BY clause is not in GROUP BY clause and contains nonaggregated column 'zahanati.lto.created_at' which is not functionally dependent on columns in GROUP BY clause; this is incompatible with sql_mode=only_full_group_by
[21-Oct-2025 19:04:49 UTC] Workflow status tracking not available: SQLSTATE[42S02]: Base table or view not found: 1146 Table 'zahanati.patient_workflow_status' doesn't exist
[21-Oct-2025 19:08:48 UTC] Workflow status tracking not available: SQLSTATE[42S02]: Base table or view not found: 1146 Table 'zahanati.patient_workflow_status' doesn't exist
[21-Oct-2025 19:18:47 UTC] Workflow status tracking not available: SQLSTATE[42S02]: Base table or view not found: 1146 Table 'zahanati.patient_workflow_status' doesn't exist
[21-Oct-2025 20:13:15 UTC] SQL execution successful for lab_results insert
[22-Oct-2025 06:11:55 UTC] PHP Warning:  Undefined variable $raw_pending_prescriptions in /var/www/html/KJ/controllers/ReceptionistController.php on line 812
[22-Oct-2025 06:11:55 UTC] PHP Warning:  foreach() argument must be of type array|object, null given in /var/www/html/KJ/controllers/ReceptionistController.php on line 812
[22-Oct-2025 06:24:36 UTC] PHP Warning:  Undefined variable $raw_pending_prescriptions in /var/www/html/KJ/controllers/ReceptionistController.php on line 880
[22-Oct-2025 06:24:36 UTC] PHP Warning:  foreach() argument must be of type array|object, null given in /var/www/html/KJ/controllers/ReceptionistController.php on line 880
[22-Oct-2025 06:25:03 UTC] PHP Warning:  Undefined variable $raw_pending_prescriptions in /var/www/html/KJ/controllers/ReceptionistController.php on line 880
[22-Oct-2025 06:25:03 UTC] PHP Warning:  foreach() argument must be of type array|object, null given in /var/www/html/KJ/controllers/ReceptionistController.php on line 880
[22-Oct-2025 06:32:32 UTC] SQL execution successful for lab_results insert
[22-Oct-2025 06:51:49 UTC] Workflow status tracking not available: SQLSTATE[42S02]: Base table or view not found: 1146 Table 'zahanati.patient_workflow_status' doesn't exist
[22-Oct-2025 06:54:06 UTC] SQL execution successful for lab_results insert
[22-Oct-2025 07:48:12 UTC] PHP Warning:  Undefined variable $medicines in /var/www/html/KJ/controllers/DoctorController.php on line 991
[22-Oct-2025 07:48:12 UTC] PHP Warning:  foreach() argument must be of type array|object, null given in /var/www/html/KJ/controllers/DoctorController.php on line 991
[22-Oct-2025 07:48:12 UTC] PHP Warning:  Undefined variable $medicines in /var/www/html/KJ/controllers/DoctorController.php on line 1013
[22-Oct-2025 07:48:12 UTC] PHP Warning:  foreach() argument must be of type array|object, null given in /var/www/html/KJ/controllers/DoctorController.php on line 1013
[22-Oct-2025 07:48:12 UTC] PHP Warning:  Undefined variable $medicines in /var/www/html/KJ/controllers/DoctorController.php on line 1045
[22-Oct-2025 07:48:12 UTC] PHP Warning:  foreach() argument must be of type array|object, null given in /var/www/html/KJ/controllers/DoctorController.php on line 1045
[22-Oct-2025 07:57:57 UTC] Workflow status tracking not available: SQLSTATE[42S02]: Base table or view not found: 1146 Table 'zahanati.patient_workflow_status' doesn't exist
[22-Oct-2025 08:17:18 UTC] Workflow status tracking not available: SQLSTATE[42S02]: Base table or view not found: 1146 Table 'zahanati.patient_workflow_status' doesn't exist
[22-Oct-2025 08:21:17 UTC] SQL execution successful for lab_results insert
[22-Oct-2025 09:05:56 UTC] Prescription error: SQLSTATE[42S22]: Column not found: 1054 Unknown column 'created_at' in 'field list'
[23-Oct-2025 11:01:32 UTC] Workflow status tracking not available: SQLSTATE[42S02]: Base table or view not found: 1146 Table 'zahanati.patient_workflow_status' doesn't exist
[23-Oct-2025 18:35:31 UTC] Prescription error: SQLSTATE[42S22]: Column not found: 1054 Unknown column 'created_at' in 'field list'
[23-Oct-2025 18:58:38 UTC] Prescription error: SQLSTATE[42S22]: Column not found: 1054 Unknown column 'created_at' in 'field list'
[23-Oct-2025 19:00:43 UTC] Prescription error: SQLSTATE[42S22]: Column not found: 1054 Unknown column 'created_at' in 'field list'
[23-Oct-2025 19:04:29 UTC] Prescription error: SQLSTATE[42S22]: Column not found: 1054 Unknown column 'created_at' in 'field list'
[23-Oct-2025 19:09:37 UTC] Prescription error: SQLSTATE[42S22]: Column not found: 1054 Unknown column 'created_at' in 'field list'
